Dale who is a Dog belonging to  Canine is is waking up like a Dog.
Dan who is a Dog belonging to  Canine is is waking up like a Dog.
Will who is a Wolf belonging to  Canine is waking like Canine
War who is a Wolf belonging to  Canine is waking like Canine
Ed who is a Elephant belonging to  Pachyderm is Waking up.
Ema who is a Elephant belonging to  Pachyderm is Waking up.
Henry who is a Hippo belonging to  Pachyderm is Waking up.
Holt who is a Hippo belonging to  Pachyderm is Waking up.
Rim who is a Rhino belonging to  Pachyderm is Waking up.
Rob who is a Rhino belonging to  Pachyderm is Waking up.
Colt who is a Cat belonging to  Feline is is making noise like a Cat.
Cam who is a Cat belonging to  Feline is Waking up.
Tim who is a Tiger belonging to  Feline is Waking up.
Tan who is a Tiger belonging to  Feline is Waking up.
Lucy who is a Lion belonging to  Feline is Waking up.
Lidia who is a Lion belonging to  Feline is Waking up.
Dale who is a Dog belonging to  Canine is is making noise like a Dog.
Dan who is a Dog belonging to  Canine is is making noise like a Dog.
Will who is a Wolf belonging to  Canine is making noise like Canine
War who is a Wolf belonging to  Canine is making noise like Canine
Ed who is a Elephant belonging to  Pachyderm is is making noise like an Elephant.
Ema who is a Elephant belonging to  Pachyderm is is making noise like an Elephant.
Henry who is a Hippo belonging to  Pachyderm is is making noise like a Hippo.
Holt who is a Hippo belonging to  Pachyderm is is making noise like a Hippo.
Rim who is a Rhino belonging to  Pachyderm is is making noise like a Rhino.
Rob who is a Rhino belonging to  Pachyderm is is making noise like a Rhino.
Colt who is a Cat belonging to  Feline is Waking up.
Cam who is a Cat belonging to  Feline is Sleeping.
Tim who is a Tiger belonging to  Feline is is making noise like a Tiger.
Tan who is a Tiger belonging to  Feline is is making noise like a Tiger.
Lucy who is a Lion belonging to  Feline is is making noise like a Lion.
Lidia who is a Lion belonging to  Feline is is making noise like a Lion.
Dale who is a Dog belonging to  Canine is is eating like a Dog.
Dan who is a Dog belonging to  Canine is is eating like a Dog.
Will who is a Wolf belonging to  Canine is Eating.
War who is a Wolf belonging to  Canine is Eating.
Ed who is a Elephant belonging to  Pachyderm is eating like Pachyderm
Ema who is a Elephant belonging to  Pachyderm is eating like Pachyderm
Henry who is a Hippo belonging to  Pachyderm is is eating like a Hippo.
Holt who is a Hippo belonging to  Pachyderm is is eating like a Hippo.
Rim who is a Rhino belonging to  Pachyderm is eating like Pachyderm
Rob who is a Rhino belonging to  Pachyderm is eating like Pachyderm
Colt who is a Cat belonging to  Feline is roaming like a Feline
Cam who is a Cat belonging to  Feline is roaming like a Feline
Tim who is a Tiger belonging to  Feline is eating like a Feline
Tan who is a Tiger belonging to  Feline is eating like a Feline
Lucy who is a Lion belonging to  Feline is eating like a Feline
Lidia who is a Lion belonging to  Feline is eating like a Feline
Dale who is a Dog belonging to  Canine is is roaming like a Dog.
Dan who is a Dog belonging to  Canine is is roaming like a Dog.
Will who is a Wolf belonging to  Canine is Roaming.
War who is a Wolf belonging to  Canine is Roaming.
Ed who is a Elephant belonging to  Pachyderm is Roaming.
Ema who is a Elephant belonging to  Pachyderm is Roaming.
Henry who is a Hippo belonging to  Pachyderm is is roaming like a Hippo.
Holt who is a Hippo belonging to  Pachyderm is is roaming like a Hippo.
Rim who is a Rhino belonging to  Pachyderm is Roaming.
Rob who is a Rhino belonging to  Pachyderm is Roaming.
Colt who is a Cat belonging to  Feline is is making noise like a Cat.
Cam who is a Cat belonging to  Feline is is eating like a Cat.
Tim who is a Tiger belonging to  Feline is roaming like a Feline
Tan who is a Tiger belonging to  Feline is roaming like a Feline
Lucy who is a Lion belonging to  Feline is is roaming like a Lion.
Lidia who is a Lion belonging to  Feline is is roaming like a Lion.
Dale who is a Dog belonging to  Canine is is sleeping like a Dog.
Dan who is a Dog belonging to  Canine is is sleeping like a Dog.
Will who is a Wolf belonging to  Canine is Sleeping.
War who is a Wolf belonging to  Canine is Sleeping.
Ed who is a Elephant belonging to  Pachyderm is Sleeping.
Ema who is a Elephant belonging to  Pachyderm is Sleeping.
Henry who is a Hippo belonging to  Pachyderm is Sleeping.
Holt who is a Hippo belonging to  Pachyderm is Sleeping.
Rim who is a Rhino belonging to  Pachyderm is is sleeping like a Rhino.
Rob who is a Rhino belonging to  Pachyderm is is sleeping like a Rhino.
Colt who is a Catbelonging to  Feline is Sleeping.
Cam who is a Catbelonging to  Feline is Sleeping.
Tim who is a Tiger belonging to  Feline is Sleeping.
Tan who is a Tiger belonging to  Feline is Sleeping.
Lucy who is a Lion belonging to  Feline is Sleeping.
Lidia who is a Lion belonging to  Feline is Sleeping.
